2026-03-15 17:57:45 | INFO     | strategy_engine | ============================================================
2026-03-15 17:57:45 | INFO     | strategy_engine | AstroGoldHH — Strategy Engine  (AstroGoldHH-Institutional-Strategy)
2026-03-15 17:57:45 | INFO     | strategy_engine | EMA 50/200  |  MACD 12/26/9  |  RSI 14
2026-03-15 17:57:45 | INFO     | strategy_engine | Input rows: 502
2026-03-15 17:57:45 | INFO     | strategy_engine | ============================================================
2026-03-15 17:57:45 | DEBUG    | strategy_engine | EMA_50: 49 warm-up NaNs | EMA_200: 199 warm-up NaNs
2026-03-15 17:57:45 | INFO     | strategy_engine | EMA indicators   ✓
2026-03-15 17:57:45 | DEBUG    | strategy_engine | MACD columns appended: ['MACD_line', 'MACD_hist', 'MACD_signal_line']
2026-03-15 17:57:45 | INFO     | strategy_engine | MACD indicators  ✓
2026-03-15 17:57:45 | DEBUG    | strategy_engine | RSI_14 appended (1 NaNs warm-up).
2026-03-15 17:57:45 | INFO     | strategy_engine | RSI indicator    ✓
2026-03-15 17:57:45 | DEBUG    | strategy_engine | BUY  signal @ 2025-01-02 00:00:00  Close=2658.90  RSI=53.0  MACDh=0.3328
2026-03-15 17:57:45 | INFO     | strategy_engine | Signal scan complete — BUY: 1  SELL: 0  (of 502 bars)
2026-03-15 17:57:45 | INFO     | strategy_engine | Signal scan      ✓
2026-03-15 17:57:45 | INFO     | strategy_engine | ------------------------------------------------------------
2026-03-15 17:57:45 | INFO     | strategy_engine | Output rows: 502  |  BUY signals: 1  |  SELL signals: 0
2026-03-15 17:57:45 | INFO     | strategy_engine | ------------------------------------------------------------
2026-03-15 21:32:52 | INFO     | strategy_engine | ============================================================
2026-03-15 21:32:52 | INFO     | strategy_engine | AstroGoldHH — Strategy Engine  (AstroGoldHH-Institutional-Strategy)
2026-03-15 21:32:52 | INFO     | strategy_engine | EMA 50/200  |  MACD 12/26/9  |  RSI 14
2026-03-15 21:32:52 | INFO     | strategy_engine | Input rows: 251
2026-03-15 21:32:52 | INFO     | strategy_engine | ============================================================
2026-03-15 21:32:52 | DEBUG    | strategy_engine | EMA_50: 49 warm-up NaNs | EMA_200: 199 warm-up NaNs
2026-03-15 21:32:52 | INFO     | strategy_engine | EMA indicators   ✓
2026-03-15 21:32:52 | DEBUG    | strategy_engine | MACD columns appended: ['MACD_line', 'MACD_hist', 'MACD_signal_line']
2026-03-15 21:32:52 | INFO     | strategy_engine | MACD indicators  ✓
2026-03-15 21:32:52 | DEBUG    | strategy_engine | RSI_14 appended (1 NaNs warm-up).
2026-03-15 21:32:52 | INFO     | strategy_engine | RSI indicator    ✓
2026-03-15 21:32:52 | INFO     | strategy_engine | Signal scan complete — BUY: 0  SELL: 0  (of 251 bars)
2026-03-15 21:32:52 | INFO     | strategy_engine | Signal scan      ✓
2026-03-15 21:32:52 | INFO     | strategy_engine | ------------------------------------------------------------
2026-03-15 21:32:52 | INFO     | strategy_engine | Output rows: 251  |  BUY signals: 0  |  SELL signals: 0
2026-03-15 21:32:52 | INFO     | strategy_engine | ------------------------------------------------------------
2026-03-15 21:33:53 | INFO     | strategy_engine | ============================================================
2026-03-15 21:33:53 | INFO     | strategy_engine | AstroGoldHH — Strategy Engine  (AstroGoldHH-Institutional-Strategy)
2026-03-15 21:33:53 | INFO     | strategy_engine | EMA 50/200  |  MACD 12/26/9  |  RSI 14
2026-03-15 21:33:53 | INFO     | strategy_engine | Input rows: 251
2026-03-15 21:33:53 | INFO     | strategy_engine | ============================================================
2026-03-15 21:33:53 | DEBUG    | strategy_engine | EMA_50: 49 warm-up NaNs | EMA_200: 199 warm-up NaNs
2026-03-15 21:33:53 | INFO     | strategy_engine | EMA indicators   ✓
2026-03-15 21:33:53 | DEBUG    | strategy_engine | MACD columns appended: ['MACD_line', 'MACD_hist', 'MACD_signal_line']
2026-03-15 21:33:53 | INFO     | strategy_engine | MACD indicators  ✓
2026-03-15 21:33:53 | DEBUG    | strategy_engine | RSI_14 appended (1 NaNs warm-up).
2026-03-15 21:33:53 | INFO     | strategy_engine | RSI indicator    ✓
2026-03-15 21:33:53 | INFO     | strategy_engine | Signal scan complete — BUY: 0  SELL: 0  (of 251 bars)
2026-03-15 21:33:53 | INFO     | strategy_engine | Signal scan      ✓
2026-03-15 21:33:53 | INFO     | strategy_engine | ------------------------------------------------------------
2026-03-15 21:33:53 | INFO     | strategy_engine | Output rows: 251  |  BUY signals: 0  |  SELL signals: 0
2026-03-15 21:33:53 | INFO     | strategy_engine | ------------------------------------------------------------
2026-03-15 21:51:48 | INFO     | strategy_engine | ============================================================
2026-03-15 21:51:48 | INFO     | strategy_engine | AstroGoldHH — Strategy Engine  (AstroGoldHH-Institutional-Strategy)
2026-03-15 21:51:48 | INFO     | strategy_engine | EMA 50/200  |  MACD 12/26/9  |  RSI 14
2026-03-15 21:51:48 | INFO     | strategy_engine | Input rows: 1258
2026-03-15 21:51:48 | INFO     | strategy_engine | ============================================================
2026-03-15 21:51:48 | DEBUG    | strategy_engine | EMA_50: 49 warm-up NaNs | EMA_200: 199 warm-up NaNs
2026-03-15 21:51:48 | INFO     | strategy_engine | EMA indicators   ✓
2026-03-15 21:51:48 | DEBUG    | strategy_engine | MACD columns appended: ['MACD_line', 'MACD_hist', 'MACD_signal_line']
2026-03-15 21:51:48 | INFO     | strategy_engine | MACD indicators  ✓
2026-03-15 21:51:48 | DEBUG    | strategy_engine | RSI_14 appended (1 NaNs warm-up).
2026-03-15 21:51:48 | INFO     | strategy_engine | RSI indicator    ✓
2026-03-15 21:51:48 | DEBUG    | strategy_engine | BUY  signal @ 2021-12-29 00:00:00  Close=1805.10  RSI=53.4  MACDh=3.6390
2026-03-15 21:51:48 | DEBUG    | strategy_engine | BUY  signal @ 2021-12-30 00:00:00  Close=1812.70  RSI=56.1  MACDh=3.6745
2026-03-15 21:51:48 | DEBUG    | strategy_engine | BUY  signal @ 2022-01-04 00:00:00  Close=1814.00  RSI=54.4  MACDh=2.7095
2026-03-15 21:51:48 | DEBUG    | strategy_engine | BUY  signal @ 2022-01-11 00:00:00  Close=1818.60  RSI=55.0  MACDh=0.3653
2026-03-15 21:51:48 | DEBUG    | strategy_engine | BUY  signal @ 2022-06-10 00:00:00  Close=1871.50  RSI=54.6  MACDh=4.9083
2026-03-15 21:51:48 | DEBUG    | strategy_engine | BUY  signal @ 2023-07-12 00:00:00  Close=1956.20  RSI=57.4  MACDh=4.6388
2026-03-15 21:51:48 | DEBUG    | strategy_engine | BUY  signal @ 2023-07-25 00:00:00  Close=1962.10  RSI=55.5  MACDh=3.9111
2026-03-15 21:51:48 | DEBUG    | strategy_engine | BUY  signal @ 2023-07-28 00:00:00  Close=1960.40  RSI=53.3  MACDh=1.2052
2026-03-15 21:51:48 | DEBUG    | strategy_engine | BUY  signal @ 2023-07-31 00:00:00  Close=1970.50  RSI=56.9  MACDh=1.5147
2026-03-15 21:51:48 | DEBUG    | strategy_engine | BUY  signal @ 2023-08-29 00:00:00  Close=1936.50  RSI=56.8  MACDh=3.8810
2026-03-15 21:51:48 | DEBUG    | strategy_engine | BUY  signal @ 2023-08-30 00:00:00  Close=1944.30  RSI=59.7  MACDh=5.3521
2026-03-15 21:51:48 | DEBUG    | strategy_engine | BUY  signal @ 2023-09-18 00:00:00  Close=1931.50  RSI=55.1  MACDh=1.0567
2026-03-15 21:51:48 | DEBUG    | strategy_engine | BUY  signal @ 2024-02-08 00:00:00  Close=2032.20  RSI=51.0  MACDh=0.4693
2026-03-15 21:51:48 | DEBUG    | strategy_engine | BUY  signal @ 2024-02-23 00:00:00  Close=2038.60  RSI=56.1  MACDh=1.3418
2026-03-15 21:51:48 | DEBUG    | strategy_engine | BUY  signal @ 2024-11-29 00:00:00  Close=2657.00  RSI=50.7  MACDh=0.8771
2026-03-15 21:51:48 | DEBUG    | strategy_engine | BUY  signal @ 2024-12-04 00:00:00  Close=2653.80  RSI=50.5  MACDh=1.9754
2026-03-15 21:51:48 | DEBUG    | strategy_engine | BUY  signal @ 2024-12-09 00:00:00  Close=2664.90  RSI=52.6  MACDh=2.5606
2026-03-15 21:51:48 | DEBUG    | strategy_engine | BUY  signal @ 2025-01-02 00:00:00  Close=2658.90  RSI=53.0  MACDh=0.3328
2026-03-15 21:51:48 | INFO     | strategy_engine | Signal scan complete — BUY: 18  SELL: 0  (of 1258 bars)
2026-03-15 21:51:48 | INFO     | strategy_engine | Signal scan      ✓
2026-03-15 21:51:48 | INFO     | strategy_engine | ------------------------------------------------------------
2026-03-15 21:51:48 | INFO     | strategy_engine | Output rows: 1258  |  BUY signals: 18  |  SELL signals: 0
2026-03-15 21:51:48 | INFO     | strategy_engine | ------------------------------------------------------------
2026-03-15 21:53:23 | INFO     | strategy_engine | ============================================================
2026-03-15 21:53:23 | INFO     | strategy_engine | AstroGoldHH — Strategy Engine  (AstroGoldHH-Institutional-Strategy)
2026-03-15 21:53:23 | INFO     | strategy_engine | EMA 50/200  |  MACD 12/26/9  |  RSI 14
2026-03-15 21:53:23 | INFO     | strategy_engine | Input rows: 1258
2026-03-15 21:53:23 | INFO     | strategy_engine | ============================================================
2026-03-15 21:53:23 | DEBUG    | strategy_engine | EMA_50: 49 warm-up NaNs | EMA_200: 199 warm-up NaNs
2026-03-15 21:53:23 | INFO     | strategy_engine | EMA indicators   ✓
2026-03-15 21:53:23 | DEBUG    | strategy_engine | MACD columns appended: ['MACD_line', 'MACD_hist', 'MACD_signal_line']
2026-03-15 21:53:23 | INFO     | strategy_engine | MACD indicators  ✓
2026-03-15 21:53:23 | DEBUG    | strategy_engine | RSI_14 appended (1 NaNs warm-up).
2026-03-15 21:53:23 | INFO     | strategy_engine | RSI indicator    ✓
2026-03-15 21:53:23 | DEBUG    | strategy_engine | BUY  signal @ 2021-12-29 00:00:00  Close=1805.10  RSI=53.4  MACDh=3.6390
2026-03-15 21:53:23 | DEBUG    | strategy_engine | BUY  signal @ 2021-12-30 00:00:00  Close=1812.70  RSI=56.1  MACDh=3.6745
2026-03-15 21:53:23 | DEBUG    | strategy_engine | BUY  signal @ 2022-01-04 00:00:00  Close=1814.00  RSI=54.4  MACDh=2.7095
2026-03-15 21:53:23 | DEBUG    | strategy_engine | BUY  signal @ 2022-01-11 00:00:00  Close=1818.60  RSI=55.0  MACDh=0.3653
2026-03-15 21:53:23 | DEBUG    | strategy_engine | BUY  signal @ 2022-06-10 00:00:00  Close=1871.50  RSI=54.6  MACDh=4.9083
2026-03-15 21:53:23 | DEBUG    | strategy_engine | BUY  signal @ 2023-07-12 00:00:00  Close=1956.20  RSI=57.4  MACDh=4.6388
2026-03-15 21:53:23 | DEBUG    | strategy_engine | BUY  signal @ 2023-07-25 00:00:00  Close=1962.10  RSI=55.5  MACDh=3.9111
2026-03-15 21:53:23 | DEBUG    | strategy_engine | BUY  signal @ 2023-07-28 00:00:00  Close=1960.40  RSI=53.3  MACDh=1.2052
2026-03-15 21:53:23 | DEBUG    | strategy_engine | BUY  signal @ 2023-07-31 00:00:00  Close=1970.50  RSI=56.9  MACDh=1.5147
2026-03-15 21:53:23 | DEBUG    | strategy_engine | BUY  signal @ 2023-08-29 00:00:00  Close=1936.50  RSI=56.8  MACDh=3.8810
2026-03-15 21:53:23 | DEBUG    | strategy_engine | BUY  signal @ 2023-08-30 00:00:00  Close=1944.30  RSI=59.7  MACDh=5.3521
2026-03-15 21:53:23 | DEBUG    | strategy_engine | BUY  signal @ 2023-09-18 00:00:00  Close=1931.50  RSI=55.1  MACDh=1.0567
2026-03-15 21:53:23 | DEBUG    | strategy_engine | BUY  signal @ 2024-02-08 00:00:00  Close=2032.20  RSI=51.0  MACDh=0.4693
2026-03-15 21:53:23 | DEBUG    | strategy_engine | BUY  signal @ 2024-02-23 00:00:00  Close=2038.60  RSI=56.1  MACDh=1.3418
2026-03-15 21:53:23 | DEBUG    | strategy_engine | BUY  signal @ 2024-11-29 00:00:00  Close=2657.00  RSI=50.7  MACDh=0.8771
2026-03-15 21:53:23 | DEBUG    | strategy_engine | BUY  signal @ 2024-12-04 00:00:00  Close=2653.80  RSI=50.5  MACDh=1.9754
2026-03-15 21:53:23 | DEBUG    | strategy_engine | BUY  signal @ 2024-12-09 00:00:00  Close=2664.90  RSI=52.6  MACDh=2.5606
2026-03-15 21:53:23 | DEBUG    | strategy_engine | BUY  signal @ 2025-01-02 00:00:00  Close=2658.90  RSI=53.0  MACDh=0.3328
2026-03-15 21:53:23 | INFO     | strategy_engine | Signal scan complete — BUY: 18  SELL: 0  (of 1258 bars)
2026-03-15 21:53:23 | INFO     | strategy_engine | Signal scan      ✓
2026-03-15 21:53:23 | INFO     | strategy_engine | ------------------------------------------------------------
2026-03-15 21:53:23 | INFO     | strategy_engine | Output rows: 1258  |  BUY signals: 18  |  SELL signals: 0
2026-03-15 21:53:23 | INFO     | strategy_engine | ------------------------------------------------------------
